# JRE version: OpenJDK Runtime Environment (21.0.6) (build 21.0.6+-13368085-b895.109)
# Java VM: OpenJDK 64-Bit Server VM (21.0.6+-13368085-b895.109, mixed mode, tiered, compressed oops, compressed class ptrs, g1 gc, windows-amd64)
GC Precious Log:
 CardTable entry size: 512
 Card Set container configuration: InlinePtr #cards 4 size 8 Array Of Cards #cards 32 size 80 Howl #buckets 8 coarsen threshold 7372 Howl Bitmap #cards 1024 size 144 coarsen threshold 921 Card regions per heap region 1 cards per card region 8192
 CPUs: 8 total, 8 available
 Memory: 8035M
 Large Page Support: Disabled
 NUMA Support: Disabled
 Compressed Oops: Enabled (Zero based)
 Heap Region Size: 4M
 Heap Min Capacity: 8M
 Heap Initial Capacity: 128M
 Heap Max Capacity: 8G
 Pre-touch: Disabled
 Parallel Workers: 8
 Concurrent Workers: 2
 Concurrent Refinement Workers: 8
 Periodic GC: Disabled
Heap:
 garbage-first heap   total 1339392K, used 211860K [0x0000000600000000, 0x0000000800000000)
  region size 4096K, 1 young (4096K), 1 survivors (4096K)
 Metaspace       used 200743K, committed 203456K, reserved 1245184K
  class space    used 25727K, committed 27072K, reserved 1048576K
GC Heap History (20 events):
Event: 1072.074 GC heap after
{Heap after GC invocations=96 (full 0):
 garbage-first heap   total 811008K, used 246446K [0x0000000600000000, 0x0000000800000000)
  region size 4096K, 2 young (8192K), 2 survivors (8192K)
 Metaspace       used 200737K, committed 203456K, reserved 1245184K
  class space    used 25726K, committed 27072K, reserved 1048576K
}
Event: 1077.955 GC heap before
{Heap before GC invocations=96 (full 0):
 garbage-first heap   total 811008K, used 721582K [0x0000000600000000, 0x0000000800000000)
  region size 4096K, 118 young (483328K), 2 survivors (8192K)
 Metaspace       used 200740K, committed 203456K, reserved 1245184K
  class space    used 25727K, committed 27072K, reserved 1048576K
}
Event: 1078.608 GC heap after
{Heap after GC invocations=97 (full 0):
 garbage-first heap   total 1339392K, used 209129K [0x0000000600000000, 0x0000000800000000)
  region size 4096K, 2 young (8192K), 2 survivors (8192K)
 Metaspace       used 200740K, committed 203456K, reserved 1245184K
  class space    used 25727K, committed 27072K, reserved 1048576K
}
Event: 1079.155 GC heap before
{Heap before GC invocations=97 (full 0):
 garbage-first heap   total 1339392K, used 266473K [0x0000000600000000, 0x0000000800000000)
  region size 4096K, 16 young (65536K), 2 survivors (8192K)
 Metaspace       used 200740K, committed 203456K, reserved 1245184K
  class space    used 25727K, committed 27072K, reserved 1048576K
}
Event: 1080.677 GC heap after
{Heap after GC invocations=98 (full 0):
 garbage-first heap   total 1339392K, used 209741K [0x0000000600000000, 0x0000000800000000)
  region size 4096K, 2 young (8192K), 2 survivors (8192K)
 Metaspace       used 200740K, committed 203456K, reserved 1245184K
  class space    used 25727K, committed 27072K, reserved 1048576K
}
Event: 1082.455 GC heap before
{Heap before GC invocations=98 (full 0):
 garbage-first heap   total 1339392K, used 267085K [0x0000000600000000, 0x0000000800000000)
  region size 4096K, 16 young (65536K), 2 survivors (8192K)
 Metaspace       used 200740K, committed 203456K, reserved 1245184K
  class space    used 25727K, committed 27072K, reserved 1048576K
}
Event: 1083.122 GC heap after
{Heap after GC invocations=99 (full 0):
 garbage-first heap   total 1339392K, used 210160K [0x0000000600000000, 0x0000000800000000)
  region size 4096K, 1 young (4096K), 1 survivors (4096K)
 Metaspace       used 200740K, committed 203456K, reserved 1245184K
  class space    used 25727K, committed 27072K, reserved 1048576K
}
Event: 1083.930 GC heap before
{Heap before GC invocations=99 (full 0):
 garbage-first heap   total 1339392K, used 271600K [0x0000000600000000, 0x0000000800000000)
  region size 4096K, 16 young (65536K), 1 survivors (4096K)
 Metaspace       used 200740K, committed 203456K, reserved 1245184K
  class space    used 25727K, committed 27072K, reserved 1048576K
}
Event: 1083.933 GC heap after
{Heap after GC invocations=100 (full 0):
 garbage-first heap   total 1339392K, used 209870K [0x0000000600000000, 0x0000000800000000)
  region size 4096K, 1 young (4096K), 1 survivors (4096K)
 Metaspace       used 200740K, committed 203456K, reserved 1245184K
  class space    used 25727K, committed 27072K, reserved 1048576K
}
Event: 1084.100 GC heap before
{Heap before GC invocations=100 (full 0):
 garbage-first heap   total 1339392K, used 271310K [0x0000000600000000, 0x0000000800000000)
  region size 4096K, 16 young (65536K), 1 survivors (4096K)
 Metaspace       used 200740K, committed 203456K, reserved 1245184K
  class space    used 25727K, committed 27072K, reserved 1048576K
}
Event: 1084.103 GC heap after
{Heap after GC invocations=101 (full 0):
 garbage-first heap   total 1339392K, used 210042K [0x0000000600000000, 0x0000000800000000)
  region size 4096K, 1 young (4096K), 1 survivors (4096K)
 Metaspace       used 200740K, committed 203456K, reserved 1245184K
  class space    used 25727K, committed 27072K, reserved 1048576K
}
Event: 1085.492 GC heap before
{Heap before GC invocations=101 (full 0):
 garbage-first heap   total 1339392K, used 271482K [0x0000000600000000, 0x0000000800000000)
  region size 4096K, 16 young (65536K), 1 survivors (4096K)
 Metaspace       used 200740K, committed 203456K, reserved 1245184K
  class space    used 25727K, committed 27072K, reserved 1048576K
}
Event: 1085.495 GC heap after
{Heap after GC invocations=102 (full 0):
 garbage-first heap   total 1339392K, used 210369K [0x0000000600000000, 0x0000000800000000)
  region size 4096K, 1 young (4096K), 1 survivors (4096K)
 Metaspace       used 200740K, committed 203456K, reserved 1245184K
  class space    used 25727K, committed 27072K, reserved 1048576K
}
Event: 1085.897 GC heap before
{Heap before GC invocations=102 (full 0):
 garbage-first heap   total 1339392K, used 271809K [0x0000000600000000, 0x0000000800000000)
  region size 4096K, 16 young (65536K), 1 survivors (4096K)
 Metaspace       used 200740K, committed 203456K, reserved 1245184K
  class space    used 25727K, committed 27072K, reserved 1048576K
}
Event: 1085.900 GC heap after
{Heap after GC invocations=103 (full 0):
 garbage-first heap   total 1339392K, used 210660K [0x0000000600000000, 0x0000000800000000)
  region size 4096K, 2 young (8192K), 2 survivors (8192K)
 Metaspace       used 200740K, committed 203456K, reserved 1245184K
  class space    used 25727K, committed 27072K, reserved 1048576K
}
Event: 1086.440 GC heap before
{Heap before GC invocations=103 (full 0):
 garbage-first heap   total 1339392K, used 268004K [0x0000000600000000, 0x0000000800000000)
  region size 4096K, 16 young (65536K), 2 survivors (8192K)
 Metaspace       used 200743K, committed 203456K, reserved 1245184K
  class space    used 25727K, committed 27072K, reserved 1048576K
}
Event: 1086.443 GC heap after
{Heap after GC invocations=104 (full 0):
 garbage-first heap   total 1339392K, used 211102K [0x0000000600000000, 0x0000000800000000)
  region size 4096K, 2 young (8192K), 2 survivors (8192K)
 Metaspace       used 200743K, committed 203456K, reserved 1245184K
  class space    used 25727K, committed 27072K, reserved 1048576K
}
Event: 1086.781 GC heap before
{Heap before GC invocations=104 (full 0):
 garbage-first heap   total 1339392K, used 268446K [0x0000000600000000, 0x0000000800000000)
  region size 4096K, 16 young (65536K), 2 survivors (8192K)
 Metaspace       used 200743K, committed 203456K, reserved 1245184K
  class space    used 25727K, committed 27072K, reserved 1048576K
}
Event: 1087.831 GC heap after
{Heap after GC invocations=105 (full 0):
 garbage-first heap   total 1339392K, used 211834K [0x0000000600000000, 0x0000000800000000)
  region size 4096K, 1 young (4096K), 1 survivors (4096K)
 Metaspace       used 200743K, committed 203456K, reserved 1245184K
  class space    used 25727K, committed 27072K, reserved 1048576K
}
Event: 1092.760 GC heap before
{Heap before GC invocations=105 (full 0):
 garbage-first heap   total 1339392K, used 273274K [0x0000000600000000, 0x0000000800000000)
  region size 4096K, 16 young (65536K), 1 survivors (4096K)
 Metaspace       used 200743K, committed 203456K, reserved 1245184K
  class space    used 25727K, committed 27072K, reserved 1048576K
}

